<?xml version="1.0" encoding="UTF-8"?>
<!-- Generated by org.testng.reporters.JUnitReportReporter -->
<testsuite skipped="0" hostname="LAPTOP-0MFL2V6R" name="SpiderG.SalesInvoice_Test" tests="8" failures="0" timestamp="12 Jul 2017 07:52:23 GMT" time="200.962" errors="0">
  <testcase name="SendInvoice" time="1.148" classname="SpiderG.SalesInvoice_Test"/>
  <testcase name="ExportInvoice" time="2.745" classname="SpiderG.SalesInvoice_Test"/>
  <testcase name="SalesAndPurchase" time="104.512" classname="SpiderG.SalesInvoice_Test"/>
  <testcase name="OpenSavedInvoiceFromDraft" time="2.791" classname="SpiderG.SalesInvoice_Test"/>
  <testcase name="AdvancePayment" time="12.497" classname="SpiderG.SalesInvoice_Test"/>
  <testcase name="saveInvoice" time="11.138" classname="SpiderG.SalesInvoice_Test"/>
  <testcase name="AddItems" time="35.678" classname="SpiderG.SalesInvoice_Test"/>
  <testcase name="TermsAndConditions" time="30.453" classname="SpiderG.SalesInvoice_Test"/>
</testsuite> <!-- SpiderG.SalesInvoice_Test -->
