<?xml version="1.0" encoding="UTF-8"?>
<!-- Generated by org.testng.reporters.JUnitReportReporter -->
<testsuite skipped="0" hostname="LAPTOP-0MFL2V6R" name="SpiderG.SalesAndPurchase_Test" tests="8" failures="0" timestamp="07 Jul 2017 06:46:30 GMT" time="184.793" errors="0">
  <testcase name="AdvancePayment" time="12.137" classname="SpiderG.SalesAndPurchase_Test"/>
  <testcase name="SalesAndPurchase" time="91.669" classname="SpiderG.SalesAndPurchase_Test"/>
  <testcase name="SendInvoice" time="1.573" classname="SpiderG.SalesAndPurchase_Test"/>
  <testcase name="ExportInvoice" time="1.478" classname="SpiderG.SalesAndPurchase_Test"/>
  <testcase name="AddItems" time="35.676" classname="SpiderG.SalesAndPurchase_Test"/>
  <testcase name="OpenSavedInvoiceFromDraft" time="2.527" classname="SpiderG.SalesAndPurchase_Test"/>
  <testcase name="TermsAndConditions" time="32.156" classname="SpiderG.SalesAndPurchase_Test"/>
  <testcase name="saveInvoice" time="7.577" classname="SpiderG.SalesAndPurchase_Test"/>
</testsuite> <!-- SpiderG.SalesAndPurchase_Test -->
