<?xml version="1.0" encoding="UTF-8"?>
<!-- Generated by org.testng.reporters.JUnitReportReporter -->
<testsuite skipped="0" hostname="LAPTOP-0MFL2V6R" name="Trial.newWalkthrough" tests="1" failures="0" timestamp="10 Jun 2017 11:53:03 GMT" time="9.319" errors="0">
  <testcase name="walkthrough" time="9.319" classname="Trial.newWalkthrough"/>
</testsuite> <!-- Trial.newWalkthrough -->
