<?xml version="1.0" encoding="UTF-8"?>
<!-- Generated by org.testng.reporters.JUnitReportReporter -->
<testsuite skipped="0" hostname="LAPTOP-0MFL2V6R" name="SpiderG.Login_Test" tests="1" failures="0" timestamp="10 Jul 2017 12:50:24 GMT" time="21.146" errors="0">
  <testcase name="Login" time="21.146" classname="SpiderG.Login_Test"/>
</testsuite> <!-- SpiderG.Login_Test -->
