<?xml version="1.0" encoding="UTF-8"?>
<!-- Generated by org.testng.reporters.JUnitReportReporter -->
<testsuite skipped="0" hostname="LAPTOP-0MFL2V6R" name="SpiderG.SalesInvoice_Test" tests="8" failures="0" timestamp="10 Jul 2017 12:50:24 GMT" time="183.045" errors="0">
  <testcase name="SendInvoice" time="1.357" classname="SpiderG.SalesInvoice_Test"/>
  <testcase name="ExportInvoice" time="1.511" classname="SpiderG.SalesInvoice_Test"/>
  <testcase name="SalesAndPurchase" time="90.762" classname="SpiderG.SalesInvoice_Test"/>
  <testcase name="OpenSavedInvoiceFromDraft" time="2.243" classname="SpiderG.SalesInvoice_Test"/>
  <testcase name="AdvancePayment" time="12.183" classname="SpiderG.SalesInvoice_Test"/>
  <testcase name="saveInvoice" time="7.725" classname="SpiderG.SalesInvoice_Test"/>
  <testcase name="AddItems" time="35.167" classname="SpiderG.SalesInvoice_Test"/>
  <testcase name="TermsAndConditions" time="32.097" classname="SpiderG.SalesInvoice_Test"/>
</testsuite> <!-- SpiderG.SalesInvoice_Test -->
